nohup: ignoring input
[2020-02-12 21:40:38,182: INFO/MainProcess] beat: Starting...
[2020-02-12 21:40:38,183: INFO/MainProcess] Writing entries...
[2020-02-12 21:40:38,253: INFO/MainProcess] DatabaseScheduler: Schedule changed.
[2020-02-12 21:40:38,253: INFO/MainProcess] Writing entries...
[2020-02-12 21:40:43,281: INFO/MainProcess] Writing entries...
[2020-02-12 21:41:03,320: INFO/MainProcess] DatabaseScheduler: Schedule changed.
[2020-02-12 21:41:03,321: INFO/MainProcess] Writing entries...
[2020-02-12 21:43:43,591: INFO/MainProcess] Writing entries...
[2020-02-12 21:46:03,345: INFO/MainProcess] Scheduler: Sending due task kill-except (selectos.tasks.regular_kill)
[2020-02-12 21:46:48,445: INFO/MainProcess] Writing entries...
[2020-02-12 21:49:48,782: INFO/MainProcess] Writing entries...
[2020-02-12 21:51:03,335: INFO/MainProcess] Scheduler: Sending due task kill-except (selectos.tasks.regular_kill)
[2020-02-12 21:52:53,526: INFO/MainProcess] Writing entries...
[2020-02-12 21:55:53,829: INFO/MainProcess] Writing entries...
[2020-02-12 21:56:03,339: INFO/MainProcess] Scheduler: Sending due task kill-except (selectos.tasks.regular_kill)
[2020-02-12 21:58:58,656: INFO/MainProcess] Writing entries...
[2020-02-12 22:01:03,340: INFO/MainProcess] Scheduler: Sending due task kill-except (selectos.tasks.regular_kill)
[2020-02-12 22:02:03,443: INFO/MainProcess] Writing entries...
[2020-02-12 22:05:03,781: INFO/MainProcess] Writing entries...
[2020-02-12 22:06:03,342: INFO/MainProcess] Scheduler: Sending due task kill-except (selectos.tasks.regular_kill)
[2020-02-12 22:08:08,560: INFO/MainProcess] Writing entries...
[2020-02-12 22:11:03,345: INFO/MainProcess] Scheduler: Sending due task kill-except (selectos.tasks.regular_kill)
[2020-02-12 22:11:13,362: INFO/MainProcess] Writing entries...
[2020-02-12 22:14:13,665: INFO/MainProcess] Writing entries...
[2020-02-12 22:16:03,348: INFO/MainProcess] Scheduler: Sending due task kill-except (selectos.tasks.regular_kill)
[2020-02-12 22:17:18,465: INFO/MainProcess] Writing entries...
[2020-02-12 22:20:18,784: INFO/MainProcess] Writing entries...
[2020-02-12 22:21:03,351: INFO/MainProcess] Scheduler: Sending due task kill-except (selectos.tasks.regular_kill)
[2020-02-12 22:23:23,586: INFO/MainProcess] Writing entries...
[2020-02-12 22:26:03,354: INFO/MainProcess] Scheduler: Sending due task kill-except (selectos.tasks.regular_kill)
[2020-02-12 22:26:28,391: INFO/MainProcess] Writing entries...
[2020-02-12 22:29:28,721: INFO/MainProcess] Writing entries...
[2020-02-12 22:31:03,356: INFO/MainProcess] Scheduler: Sending due task kill-except (selectos.tasks.regular_kill)
[2020-02-12 22:32:33,498: INFO/MainProcess] Writing entries...
[2020-02-12 22:35:33,801: INFO/MainProcess] Writing entries...
[2020-02-12 22:36:03,357: INFO/MainProcess] Scheduler: Sending due task kill-except (selectos.tasks.regular_kill)
[2020-02-12 22:38:38,583: INFO/MainProcess] Writing entries...
[2020-02-12 22:41:03,335: INFO/MainProcess] Scheduler: Sending due task [create_timing_delete_task]93624639254dd55c6c07cc1ece79e9e8 (selectos.tasks.timing_del_pod)
[2020-02-12 22:41:03,359: INFO/MainProcess] Scheduler: Sending due task kill-except (selectos.tasks.regular_kill)
[2020-02-12 22:41:08,375: INFO/MainProcess] DatabaseScheduler: Schedule changed.
[2020-02-12 22:41:08,375: INFO/MainProcess] Writing entries...
[2020-02-12 22:41:43,449: INFO/MainProcess] Writing entries...
[2020-02-12 22:44:43,741: INFO/MainProcess] Writing entries...
[2020-02-12 22:47:44,034: INFO/MainProcess] Writing entries...
[2020-02-12 22:50:44,347: INFO/MainProcess] Writing entries...
[2020-02-12 22:53:44,650: INFO/MainProcess] Writing entries...
[2020-02-12 22:56:44,955: INFO/MainProcess] Writing entries...
[2020-02-12 22:59:45,270: INFO/MainProcess] Writing entries...
[2020-02-12 23:02:45,592: INFO/MainProcess] Writing entries...
[2020-02-12 23:05:45,888: INFO/MainProcess] Writing entries...
[2020-02-12 23:08:46,180: INFO/MainProcess] Writing entries...
[2020-02-12 23:11:46,511: INFO/MainProcess] Writing entries...
[2020-02-12 23:11:56,544: INFO/MainProcess] DatabaseScheduler: Schedule changed.
[2020-02-12 23:11:56,544: INFO/MainProcess] Writing entries...
[2020-02-12 23:14:46,882: INFO/MainProcess] Writing entries...
[2020-02-12 23:17:47,172: INFO/MainProcess] Writing entries...
[2020-02-12 23:20:47,477: INFO/MainProcess] Writing entries...
[2020-02-12 23:23:47,773: INFO/MainProcess] Writing entries...
[2020-02-12 23:26:48,069: INFO/MainProcess] Writing entries...
[2020-02-12 23:29:48,351: INFO/MainProcess] Writing entries...
[2020-02-12 23:32:48,648: INFO/MainProcess] Writing entries...
[2020-02-12 23:35:48,929: INFO/MainProcess] Writing entries...
[2020-02-12 23:38:49,234: INFO/MainProcess] Writing entries...
[2020-02-12 23:41:49,505: INFO/MainProcess] Writing entries...
[2020-02-12 23:44:49,791: INFO/MainProcess] Writing entries...
[2020-02-12 23:47:50,104: INFO/MainProcess] Writing entries...
[2020-02-12 23:50:50,396: INFO/MainProcess] Writing entries...
[2020-02-12 23:53:50,700: INFO/MainProcess] Writing entries...
[2020-02-12 23:56:50,989: INFO/MainProcess] Writing entries...
[2020-02-12 23:59:51,278: INFO/MainProcess] Writing entries...
[2020-02-13 00:02:51,569: INFO/MainProcess] Writing entries...
[2020-02-13 00:05:51,841: INFO/MainProcess] Writing entries...
[2020-02-13 00:08:52,112: INFO/MainProcess] Writing entries...
[2020-02-13 00:11:52,421: INFO/MainProcess] Writing entries...
[2020-02-13 00:14:52,717: INFO/MainProcess] Writing entries...
[2020-02-13 00:17:53,039: INFO/MainProcess] Writing entries...
[2020-02-13 00:20:53,349: INFO/MainProcess] Writing entries...
[2020-02-13 00:23:53,640: INFO/MainProcess] Writing entries...
[2020-02-13 00:26:53,952: INFO/MainProcess] Writing entries...
[2020-02-13 00:29:54,259: INFO/MainProcess] Writing entries...
[2020-02-13 00:32:54,560: INFO/MainProcess] Writing entries...
[2020-02-13 00:35:54,861: INFO/MainProcess] Writing entries...
[2020-02-13 00:38:55,140: INFO/MainProcess] Writing entries...
[2020-02-13 00:41:55,424: INFO/MainProcess] Writing entries...
[2020-02-13 00:44:55,730: INFO/MainProcess] Writing entries...
[2020-02-13 00:47:56,029: INFO/MainProcess] Writing entries...
[2020-02-13 00:50:56,321: INFO/MainProcess] Writing entries...
[2020-02-13 00:53:56,615: INFO/MainProcess] Writing entries...
[2020-02-13 00:56:56,927: INFO/MainProcess] Writing entries...
[2020-02-13 00:59:57,202: INFO/MainProcess] Writing entries...
[2020-02-13 01:02:57,489: INFO/MainProcess] Writing entries...
[2020-02-13 01:05:57,770: INFO/MainProcess] Writing entries...
[2020-02-13 01:08:58,059: INFO/MainProcess] Writing entries...
[2020-02-13 01:11:58,346: INFO/MainProcess] Writing entries...
[2020-02-13 01:14:59,473: INFO/MainProcess] Writing entries...
[2020-02-13 01:17:59,787: INFO/MainProcess] Writing entries...
[2020-02-13 01:21:00,091: INFO/MainProcess] Writing entries...
[2020-02-13 01:24:00,385: INFO/MainProcess] Writing entries...
[2020-02-13 01:27:00,869: INFO/MainProcess] Writing entries...
[2020-02-13 01:30:01,175: INFO/MainProcess] Writing entries...
[2020-02-13 01:33:01,472: INFO/MainProcess] Writing entries...
[2020-02-13 01:36:01,773: INFO/MainProcess] Writing entries...
[2020-02-13 01:39:02,066: INFO/MainProcess] Writing entries...
[2020-02-13 01:42:02,362: INFO/MainProcess] Writing entries...
[2020-02-13 01:45:02,652: INFO/MainProcess] Writing entries...
[2020-02-13 01:48:02,950: INFO/MainProcess] Writing entries...
[2020-02-13 01:51:03,232: INFO/MainProcess] Writing entries...
[2020-02-13 01:54:03,539: INFO/MainProcess] Writing entries...
[2020-02-13 01:57:03,826: INFO/MainProcess] Writing entries...
[2020-02-13 02:00:04,133: INFO/MainProcess] Writing entries...
[2020-02-13 02:03:04,424: INFO/MainProcess] Writing entries...
[2020-02-13 02:06:04,717: INFO/MainProcess] Writing entries...
[2020-02-13 02:09:05,025: INFO/MainProcess] Writing entries...
[2020-02-13 02:11:56,581: INFO/MainProcess] Scheduler: Sending due task [create_timing_delete_task]0cbd7bfa98b46bf3fe16f5d504f1f05c (selectos.tasks.timing_del_pod)
[2020-02-13 02:12:01,602: INFO/MainProcess] DatabaseScheduler: Schedule changed.
[2020-02-13 02:12:01,602: INFO/MainProcess] Writing entries...
[2020-02-13 02:12:06,632: INFO/MainProcess] Writing entries...
[2020-02-13 02:15:06,931: INFO/MainProcess] Writing entries...
[2020-02-13 02:18:07,267: INFO/MainProcess] Writing entries...
[2020-02-13 02:21:07,575: INFO/MainProcess] Writing entries...
